<?xml version="1.0" encoding="UTF-8"?>
<testng-results skipped="0" failed="0" ignored="0" total="1" passed="1">
  <reporter-output>
  </reporter-output>
  <suite name="Default suite" duration-ms="7262" started-at="2019-11-30T00:40:13Z" finished-at="2019-11-30T00:40:20Z">
    <groups>
    </groups>
    <test name="Default test" duration-ms="7262" started-at="2019-11-30T00:40:13Z" finished-at="2019-11-30T00:40:20Z">
      <class name="com.testcases.LoginTest">
        <test-method status="PASS" signature="loginTest()[pri:0, instance:com.testcases.LoginTest@70325e14]" name="loginTest" duration-ms="7232" started-at="2019-11-30T00:40:13Z" finished-at="2019-11-30T00:40:20Z">
          <reporter-output>
          </reporter-output>
        </test-method> <!-- loginTest -->
      </class> <!-- com.testcases.LoginTest -->
    </test> <!-- Default test -->
  </suite> <!-- Default suite -->
</testng-results>
